# JRE version: OpenJDK Runtime Environment Temurin-21.0.12.1+1 (21.0.12.1+1) (build 21.0.12.1+1-LTS)
# Java VM: OpenJDK 64-Bit Server VM Temurin-21.0.12.1+1 (21.0.12.1+1-LTS, mixed mode, sharing, tiered, compressed oops, compressed class ptrs, parallel gc, windows-amd64)
GC Precious Log:
 CardTable entry size: 512
 CPUs: 4 total, 4 available
 Memory: 8100M
 Large Page Support: Disabled
 NUMA Support: Disabled
 Compressed Oops: Enabled (32-bit)
 Alignments: Space 512K, Generation 512K, Heap 2M
 Heap Min Capacity: 100M
 Heap Initial Capacity: 100M
 Heap Max Capacity: 2G
 Pre-touch: Disabled
 Parallel Workers: 4
Heap:
 PSYoungGen      total 2048K, used 216K [0x00000000d5580000, 0x00000000d5b00000, 0x0000000100000000)
  eden space 1536K, 5% used [0x00000000d5580000,0x00000000d5596000,0x00000000d5700000)
  from space 512K, 25% used [0x00000000d5700000,0x00000000d5720000,0x00000000d5780000)
  to   space 512K, 0% used [0x00000000d5a80000,0x00000000d5a80000,0x00000000d5b00000)
 ParOldGen       total 85504K, used 85050K [0x0000000080000000, 0x0000000085380000, 0x00000000d5580000)
  object space 85504K, 99% used [0x0000000080000000,0x000000008530eb20,0x0000000085380000)
 Metaspace       used 74509K, committed 76160K, reserved 1179648K
  class space    used 7980K, committed 8704K, reserved 1048576K
GC Heap History (20 events):
Event: 257.962 GC heap before
{Heap before GC invocations=137 (full 3):
 PSYoungGen      total 2048K, used 1664K [0x00000000d5580000, 0x00000000d5b80000, 0x0000000100000000)
  eden space 1536K, 100% used [0x00000000d5580000,0x00000000d5700000,0x00000000d5700000)
  from space 512K, 25% used [0x00000000d5700000,0x00000000d5720000,0x00000000d5780000)
  to   space 512K, 0% used [0x00000000d5b00000,0x00000000d5b00000,0x00000000d5b80000)
 ParOldGen       total 81920K, used 81760K [0x0000000080000000, 0x0000000085000000, 0x00000000d5580000)
  object space 81920K, 99% used [0x0000000080000000,0x0000000084fd8380,0x0000000085000000)
 Metaspace       used 74207K, committed 75840K, reserved 1179648K
  class space    used 7955K, committed 8640K, reserved 1048576K
}
Event: 257.964 GC heap after
{Heap after GC invocations=137 (full 3):
 PSYoungGen      total 2048K, used 116K [0x00000000d5580000, 0x00000000d5b80000, 0x0000000100000000)
  eden space 1536K, 0% used [0x00000000d5580000,0x00000000d5580000,0x00000000d5700000)
  from space 512K, 22% used [0x00000000d5b00000,0x00000000d5b1d200,0x00000000d5b80000)
  to   space 512K, 0% used [0x00000000d5700000,0x00000000d5700000,0x00000000d5780000)
 ParOldGen       total 81920K, used 81808K [0x0000000080000000, 0x0000000085000000, 0x00000000d5580000)
  object space 81920K, 99% used [0x0000000080000000,0x0000000084fe4380,0x0000000085000000)
 Metaspace       used 74207K, committed 75840K, reserved 1179648K
  class space    used 7955K, committed 8640K, reserved 1048576K
}
Event: 258.133 GC heap before
{Heap before GC invocations=138 (full 3):
 PSYoungGen      total 2048K, used 1652K [0x00000000d5580000, 0x00000000d5b80000, 0x0000000100000000)
  eden space 1536K, 100% used [0x00000000d5580000,0x00000000d5700000,0x00000000d5700000)
  from space 512K, 22% used [0x00000000d5b00000,0x00000000d5b1d200,0x00000000d5b80000)
  to   space 512K, 0% used [0x00000000d5700000,0x00000000d5700000,0x00000000d5780000)
 ParOldGen       total 81920K, used 81808K [0x0000000080000000, 0x0000000085000000, 0x00000000d5580000)
  object space 81920K, 99% used [0x0000000080000000,0x0000000084fe4380,0x0000000085000000)
 Metaspace       used 74231K, committed 75840K, reserved 1179648K
  class space    used 7955K, committed 8640K, reserved 1048576K
}
Event: 258.136 GC heap after
{Heap after GC invocations=138 (full 3):
 PSYoungGen      total 2048K, used 479K [0x00000000d5580000, 0x00000000d5b80000, 0x0000000100000000)
  eden space 1536K, 0% used [0x00000000d5580000,0x00000000d5580000,0x00000000d5700000)
  from space 512K, 93% used [0x00000000d5700000,0x00000000d5777c68,0x00000000d5780000)
  to   space 1024K, 0% used [0x00000000d5a80000,0x00000000d5a80000,0x00000000d5b80000)
 ParOldGen       total 81920K, used 81917K [0x0000000080000000, 0x0000000085000000, 0x00000000d5580000)
  object space 81920K, 99% used [0x0000000080000000,0x0000000084fff580,0x0000000085000000)
 Metaspace       used 74231K, committed 75840K, reserved 1179648K
  class space    used 7955K, committed 8640K, reserved 1048576K
}
Event: 258.354 GC heap before
{Heap before GC invocations=139 (full 3):
 PSYoungGen      total 2048K, used 2015K [0x00000000d5580000, 0x00000000d5b80000, 0x0000000100000000)
  eden space 1536K, 100% used [0x00000000d5580000,0x00000000d5700000,0x00000000d5700000)
  from space 512K, 93% used [0x00000000d5700000,0x00000000d5777c68,0x00000000d5780000)
  to   space 1024K, 0% used [0x00000000d5a80000,0x00000000d5a80000,0x00000000d5b80000)
 ParOldGen       total 81920K, used 81917K [0x0000000080000000, 0x0000000085000000, 0x00000000d5580000)
  object space 81920K, 99% used [0x0000000080000000,0x0000000084fff580,0x0000000085000000)
 Metaspace       used 74311K, committed 75904K, reserved 1179648K
  class space    used 7968K, committed 8640K, reserved 1048576K
}
Event: 258.357 GC heap after
{Heap after GC invocations=139 (full 3):
 PSYoungGen      total 2048K, used 414K [0x00000000d5580000, 0x00000000d5b00000, 0x0000000100000000)
  eden space 1536K, 0% used [0x00000000d5580000,0x00000000d5580000,0x00000000d5700000)
  from space 512K, 80% used [0x00000000d5a80000,0x00000000d5ae7ab0,0x00000000d5b00000)
  to   space 512K, 0% used [0x00000000d5700000,0x00000000d5700000,0x00000000d5780000)
 ParOldGen       total 82432K, used 82338K [0x0000000080000000, 0x0000000085080000, 0x00000000d5580000)
  object space 82432K, 99% used [0x0000000080000000,0x0000000085068b20,0x0000000085080000)
 Metaspace       used 74311K, committed 75904K, reserved 1179648K
  class space    used 7968K, committed 8640K, reserved 1048576K
}
Event: 258.423 GC heap before
{Heap before GC invocations=140 (full 3):
 PSYoungGen      total 2048K, used 1938K [0x00000000d5580000, 0x00000000d5b00000, 0x0000000100000000)
  eden space 1536K, 99% used [0x00000000d5580000,0x00000000d56fd090,0x00000000d5700000)
  from space 512K, 80% used [0x00000000d5a80000,0x00000000d5ae7ab0,0x00000000d5b00000)
  to   space 512K, 0% used [0x00000000d5700000,0x00000000d5700000,0x00000000d5780000)
 ParOldGen       total 84480K, used 84101K [0x0000000080000000, 0x0000000085280000, 0x00000000d5580000)
  object space 84480K, 99% used [0x0000000080000000,0x0000000085221570,0x0000000085280000)
 Metaspace       used 74365K, committed 76032K, reserved 1179648K
  class space    used 7975K, committed 8704K, reserved 1048576K
}
Event: 258.426 GC heap after
{Heap after GC invocations=140 (full 3):
 PSYoungGen      total 2048K, used 482K [0x00000000d5580000, 0x00000000d5b00000, 0x0000000100000000)
  eden space 1536K, 0% used [0x00000000d5580000,0x00000000d5580000,0x00000000d5700000)
  from space 512K, 94% used [0x00000000d5700000,0x00000000d5778988,0x00000000d5780000)
  to   space 512K, 0% used [0x00000000d5a80000,0x00000000d5a80000,0x00000000d5b00000)
 ParOldGen       total 84992K, used 84488K [0x0000000080000000, 0x0000000085300000, 0x00000000d5580000)
  object space 84992K, 99% used [0x0000000080000000,0x00000000852821c0,0x0000000085300000)
 Metaspace       used 74365K, committed 76032K, reserved 1179648K
  class space    used 7975K, committed 8704K, reserved 1048576K
}
Event: 259.509 GC heap before
{Heap before GC invocations=141 (full 3):
 PSYoungGen      total 2048K, used 2018K [0x00000000d5580000, 0x00000000d5b00000, 0x0000000100000000)
  eden space 1536K, 100% used [0x00000000d5580000,0x00000000d5700000,0x00000000d5700000)
  from space 512K, 94% used [0x00000000d5700000,0x00000000d5778988,0x00000000d5780000)
  to   space 512K, 0% used [0x00000000d5a80000,0x00000000d5a80000,0x00000000d5b00000)
 ParOldGen       total 84992K, used 84488K [0x0000000080000000, 0x0000000085300000, 0x00000000d5580000)
  object space 84992K, 99% used [0x0000000080000000,0x00000000852821c0,0x0000000085300000)
 Metaspace       used 74388K, committed 76096K, reserved 1179648K
  class space    used 7978K, committed 8704K, reserved 1048576K
}
Event: 259.511 GC heap after
{Heap after GC invocations=141 (full 3):
 PSYoungGen      total 2048K, used 372K [0x00000000d5580000, 0x00000000d5b00000, 0x0000000100000000)
  eden space 1536K, 0% used [0x00000000d5580000,0x00000000d5580000,0x00000000d5700000)
  from space 512K, 72% used [0x00000000d5a80000,0x00000000d5add098,0x00000000d5b00000)
  to   space 512K, 0% used [0x00000000d5700000,0x00000000d5700000,0x00000000d5780000)
 ParOldGen       total 84992K, used 84677K [0x0000000080000000, 0x0000000085300000, 0x00000000d5580000)
  object space 84992K, 99% used [0x0000000080000000,0x00000000852b1548,0x0000000085300000)
 Metaspace       used 74388K, committed 76096K, reserved 1179648K
  class space    used 7978K, committed 8704K, reserved 1048576K
}
Event: 259.542 GC heap before
{Heap before GC invocations=142 (full 3):
 PSYoungGen      total 2048K, used 1908K [0x00000000d5580000, 0x00000000d5b00000, 0x0000000100000000)
  eden space 1536K, 99% used [0x00000000d5580000,0x00000000d56ffff0,0x00000000d5700000)
  from space 512K, 72% used [0x00000000d5a80000,0x00000000d5add098,0x00000000d5b00000)
  to   space 512K, 0% used [0x00000000d5700000,0x00000000d5700000,0x00000000d5780000)
 ParOldGen       total 84992K, used 84677K [0x0000000080000000, 0x0000000085300000, 0x00000000d5580000)
  object space 84992K, 99% used [0x0000000080000000,0x00000000852b1548,0x0000000085300000)
 Metaspace       used 74401K, committed 76096K, reserved 1179648K
  class space    used 7978K, committed 8704K, reserved 1048576K
}
Event: 259.545 GC heap after
{Heap after GC invocations=142 (full 3):
 PSYoungGen      total 2048K, used 432K [0x00000000d5580000, 0x00000000d5b00000, 0x0000000100000000)
  eden space 1536K, 0% used [0x00000000d5580000,0x00000000d5580000,0x00000000d5700000)
  from space 512K, 84% used [0x00000000d5700000,0x00000000d576c010,0x00000000d5780000)
  to   space 512K, 0% used [0x00000000d5a80000,0x00000000d5a80000,0x00000000d5b00000)
 ParOldGen       total 84992K, used 84946K [0x0000000080000000, 0x0000000085300000, 0x00000000d5580000)
  object space 84992K, 99% used [0x0000000080000000,0x00000000852f4b20,0x0000000085300000)
 Metaspace       used 74401K, committed 76096K, reserved 1179648K
  class space    used 7978K, committed 8704K, reserved 1048576K
}
Event: 259.574 GC heap before
{Heap before GC invocations=143 (full 3):
 PSYoungGen      total 2048K, used 1968K [0x00000000d5580000, 0x00000000d5b00000, 0x0000000100000000)
  eden space 1536K, 99% used [0x00000000d5580000,0x00000000d56ffff8,0x00000000d5700000)
  from space 512K, 84% used [0x00000000d5700000,0x00000000d576c010,0x00000000d5780000)
  to   space 512K, 0% used [0x00000000d5a80000,0x00000000d5a80000,0x00000000d5b00000)
 ParOldGen       total 84992K, used 84946K [0x0000000080000000, 0x0000000085300000, 0x00000000d5580000)
  object space 84992K, 99% used [0x0000000080000000,0x00000000852f4b20,0x0000000085300000)
 Metaspace       used 74405K, committed 76096K, reserved 1179648K
  class space    used 7978K, committed 8704K, reserved 1048576K
}
Event: 259.575 GC heap after
{Heap after GC invocations=143 (full 3):
 PSYoungGen      total 2048K, used 346K [0x00000000d5580000, 0x00000000d5b00000, 0x0000000100000000)
  eden space 1536K, 0% used [0x00000000d5580000,0x00000000d5580000,0x00000000d5700000)
  from space 512K, 67% used [0x00000000d5a80000,0x00000000d5ad6900,0x00000000d5b00000)
  to   space 512K, 0% used [0x00000000d5700000,0x00000000d5700000,0x00000000d5780000)
 ParOldGen       total 84992K, used 84978K [0x0000000080000000, 0x0000000085300000, 0x00000000d5580000)
  object space 84992K, 99% used [0x0000000080000000,0x00000000852fcb20,0x0000000085300000)
 Metaspace       used 74405K, committed 76096K, reserved 1179648K
  class space    used 7978K, committed 8704K, reserved 1048576K
}
Event: 260.101 GC heap before
{Heap before GC invocations=144 (full 3):
 PSYoungGen      total 2048K, used 1882K [0x00000000d5580000, 0x00000000d5b00000, 0x0000000100000000)
  eden space 1536K, 100% used [0x00000000d5580000,0x00000000d5700000,0x00000000d5700000)
  from space 512K, 67% used [0x00000000d5a80000,0x00000000d5ad6900,0x00000000d5b00000)
  to   space 512K, 0% used [0x00000000d5700000,0x00000000d5700000,0x00000000d5780000)
 ParOldGen       total 84992K, used 84978K [0x0000000080000000, 0x0000000085300000, 0x00000000d5580000)
  object space 84992K, 99% used [0x0000000080000000,0x00000000852fcb20,0x0000000085300000)
 Metaspace       used 74454K, committed 76096K, reserved 1179648K
  class space    used 7978K, committed 8704K, reserved 1048576K
}
Event: 260.102 GC heap after
{Heap after GC invocations=144 (full 3):
 PSYoungGen      total 2048K, used 128K [0x00000000d5580000, 0x00000000d5b00000, 0x0000000100000000)
  eden space 1536K, 0% used [0x00000000d5580000,0x00000000d5580000,0x00000000d5700000)
  from space 512K, 25% used [0x00000000d5700000,0x00000000d5720000,0x00000000d5780000)
  to   space 512K, 0% used [0x00000000d5a80000,0x00000000d5a80000,0x00000000d5b00000)
 ParOldGen       total 85504K, used 84994K [0x0000000080000000, 0x0000000085380000, 0x00000000d5580000)
  object space 85504K, 99% used [0x0000000080000000,0x0000000085300b20,0x0000000085380000)
 Metaspace       used 74454K, committed 76096K, reserved 1179648K
  class space    used 7978K, committed 8704K, reserved 1048576K
}
Event: 270.828 GC heap before
{Heap before GC invocations=145 (full 3):
 PSYoungGen      total 2048K, used 1663K [0x00000000d5580000, 0x00000000d5b00000, 0x0000000100000000)
  eden space 1536K, 99% used [0x00000000d5580000,0x00000000d56ffff0,0x00000000d5700000)
  from space 512K, 25% used [0x00000000d5700000,0x00000000d5720000,0x00000000d5780000)
  to   space 512K, 0% used [0x00000000d5a80000,0x00000000d5a80000,0x00000000d5b00000)
 ParOldGen       total 85504K, used 84994K [0x0000000080000000, 0x0000000085380000, 0x00000000d5580000)
  object space 85504K, 99% used [0x0000000080000000,0x0000000085300b20,0x0000000085380000)
 Metaspace       used 74484K, committed 76160K, reserved 1179648K
  class space    used 7979K, committed 8704K, reserved 1048576K
}
Event: 270.829 GC heap after
{Heap after GC invocations=145 (full 3):
 PSYoungGen      total 2048K, used 128K [0x00000000d5580000, 0x00000000d5b00000, 0x0000000100000000)
  eden space 1536K, 0% used [0x00000000d5580000,0x00000000d5580000,0x00000000d5700000)
  from space 512K, 25% used [0x00000000d5a80000,0x00000000d5aa0000,0x00000000d5b00000)
  to   space 512K, 0% used [0x00000000d5700000,0x00000000d5700000,0x00000000d5780000)
 ParOldGen       total 85504K, used 85018K [0x0000000080000000, 0x0000000085380000, 0x00000000d5580000)
  object space 85504K, 99% used [0x0000000080000000,0x0000000085306b20,0x0000000085380000)
 Metaspace       used 74484K, committed 76160K, reserved 1179648K
  class space    used 7979K, committed 8704K, reserved 1048576K
}
Event: 1491.677 GC heap before
{Heap before GC invocations=146 (full 3):
 PSYoungGen      total 2048K, used 1663K [0x00000000d5580000, 0x00000000d5b00000, 0x0000000100000000)
  eden space 1536K, 99% used [0x00000000d5580000,0x00000000d56ffff8,0x00000000d5700000)
  from space 512K, 25% used [0x00000000d5a80000,0x00000000d5aa0000,0x00000000d5b00000)
  to   space 512K, 0% used [0x00000000d5700000,0x00000000d5700000,0x00000000d5780000)
 ParOldGen       total 85504K, used 85018K [0x0000000080000000, 0x0000000085380000, 0x00000000d5580000)
  object space 85504K, 99% used [0x0000000080000000,0x0000000085306b20,0x0000000085380000)
 Metaspace       used 74507K, committed 76160K, reserved 1179648K
  class space    used 7980K, committed 8704K, reserved 1048576K
}
Event: 1491.678 GC heap after
{Heap after GC invocations=146 (full 3):
 PSYoungGen      total 2048K, used 128K [0x00000000d5580000, 0x00000000d5b00000, 0x0000000100000000)
  eden space 1536K, 0% used [0x00000000d5580000,0x00000000d5580000,0x00000000d5700000)
  from space 512K, 25% used [0x00000000d5700000,0x00000000d5720000,0x00000000d5780000)
  to   space 512K, 0% used [0x00000000d5a80000,0x00000000d5a80000,0x00000000d5b00000)
 ParOldGen       total 85504K, used 85050K [0x0000000080000000, 0x0000000085380000, 0x00000000d5580000)
  object space 85504K, 99% used [0x0000000080000000,0x000000008530eb20,0x0000000085380000)
 Metaspace       used 74507K, committed 76160K, reserved 1179648K
  class space    used 7980K, committed 8704K, reserved 1048576K
}

